2024-04-10 22:18:27,968 UTC DEBUG    test_labels      labels: [{'id': '660a22a0bf92ddda4f371c10', 'idBoard': '660a22a04497144c6200e487', 'name': 'To Do', 'color': 'green', 'uses': 0}, {'id': '660a22a0bf92ddda4f371c12', 'idBoard': '660a22a04497144c6200e487', 'name': 'Warning', 'color': 'orange', 'uses': 0}, {'id': '66160a2a3c267a9d6458b22d', 'idBoard': '660a22a04497144c6200e487', 'name': 'Succeeded', 'color': 'purple', 'uses': 0}, {'id': '660a22a0bf92ddda4f371c13', 'idBoard': '660a22a04497144c6200e487', 'name': 'Error', 'color': 'red', 'uses': 0}, {'id': '660a22a0bf92ddda4f371c11', 'idBoard': '660a22a04497144c6200e487', 'name': 'In progress', 'color': 'yellow', 'uses': 0}]
2024-04-10 22:18:27,968 UTC DEBUG    test_labels      labels 660a22a0bf92ddda4f371c10
2024-04-10 22:18:27,972 UTC INFO     test_labels      Test Get labels from a board
2024-04-10 22:18:28,792 UTC DEBUG    test_labels      Json response: [{'id': '660a22a0bf92ddda4f371c10', 'idBoard': '660a22a04497144c6200e487', 'name': 'To Do', 'color': 'green', 'uses': 0}, {'id': '660a22a0bf92ddda4f371c12', 'idBoard': '660a22a04497144c6200e487', 'name': 'Warning', 'color': 'orange', 'uses': 0}, {'id': '66160a2a3c267a9d6458b22d', 'idBoard': '660a22a04497144c6200e487', 'name': 'Succeeded', 'color': 'purple', 'uses': 0}, {'id': '660a22a0bf92ddda4f371c13', 'idBoard': '660a22a04497144c6200e487', 'name': 'Error', 'color': 'red', 'uses': 0}, {'id': '660a22a0bf92ddda4f371c11', 'idBoard': '660a22a04497144c6200e487', 'name': 'In progress', 'color': 'yellow', 'uses': 0}]
2024-04-10 22:18:28,792 UTC DEBUG    test_labels      Status Code: 200
2024-04-10 22:18:28,796 UTC INFO     test_labels      Test Create a label for a board
2024-04-10 22:18:29,322 UTC DEBUG    test_labels      Response to CREATE a list Json: {'id': '66174875f9f12be2694620df', 'idBoard': '660a22a04497144c6200e487', 'name': 'Test Create a label', 'color': 'black', 'uses': 0, 'limits': {}}
2024-04-10 22:18:29,323 UTC DEBUG    test_labels      Status Code: 200
2024-04-10 22:18:29,335 UTC INFO     conftest         Test Create a label for a board from conftest
2024-04-10 22:18:29,833 UTC DEBUG    conftest         Response to CREATE a list Json: {'id': '66174875f6a93d260bf85524', 'idBoard': '660a22a04497144c6200e487', 'name': 'Create a label from confTest', 'color': 'blue', 'uses': 0, 'limits': {}}
2024-04-10 22:18:29,836 UTC DEBUG    conftest         Status Code: 200
2024-04-10 22:18:29,842 UTC INFO     test_labels      Test Update a label from a board
2024-04-10 22:18:29,891 UTC INFO     conftest         Test Create a label for a board from conftest
2024-04-10 22:18:30,718 UTC DEBUG    conftest         Response to CREATE a list Json: {'id': '66174875f6a93d260bf85524', 'idBoard': '660a22a04497144c6200e487', 'name': 'Create a label from confTest', 'color': 'blue', 'uses': 0, 'limits': {}}
2024-04-10 22:18:30,719 UTC DEBUG    conftest         Status Code: 200
2024-04-10 22:18:30,721 UTC INFO     test_labels      Test Delete a label from a board
2024-04-10 22:18:31,634 UTC DEBUG    test_labels      Response to DELETE a labels Json: {'limits': {}}
2024-04-10 22:18:31,635 UTC DEBUG    test_labels      Status Code: 200
2024-04-10 22:18:31,636 UTC DEBUG    test_labels      Teardown class
2024-04-10 22:18:31,637 UTC DEBUG    test_labels      Cleanup labels
2024-04-10 22:18:32,239 UTC DEBUG    test_labels      Deleted label by teardown: 66174875f9f12be2694620df
