2024-04-10 20:42:10,631 UTC DEBUG    test_labels      labels: [{'id': '660a22a0bf92ddda4f371c10', 'idBoard': '660a22a04497144c6200e487', 'name': 'To Do', 'color': 'green', 'uses': 0}, {'id': '660a22a0bf92ddda4f371c12', 'idBoard': '660a22a04497144c6200e487', 'name': 'Warning', 'color': 'orange', 'uses': 0}, {'id': '66160a2a3c267a9d6458b22d', 'idBoard': '660a22a04497144c6200e487', 'name': 'Succeeded', 'color': 'purple', 'uses': 0}, {'id': '660a22a0bf92ddda4f371c13', 'idBoard': '660a22a04497144c6200e487', 'name': 'Error', 'color': 'red', 'uses': 0}, {'id': '660a22a0bf92ddda4f371c11', 'idBoard': '660a22a04497144c6200e487', 'name': 'In progress', 'color': 'yellow', 'uses': 0}]
2024-04-10 20:42:10,632 UTC DEBUG    test_labels      labels 660a22a0bf92ddda4f371c10
2024-04-10 20:42:10,635 UTC INFO     test_labels      Test Get labels from a board
2024-04-10 20:42:11,143 UTC DEBUG    test_labels      Json response: [{'id': '660a22a0bf92ddda4f371c10', 'idBoard': '660a22a04497144c6200e487', 'name': 'To Do', 'color': 'green', 'uses': 0}, {'id': '660a22a0bf92ddda4f371c12', 'idBoard': '660a22a04497144c6200e487', 'name': 'Warning', 'color': 'orange', 'uses': 0}, {'id': '66160a2a3c267a9d6458b22d', 'idBoard': '660a22a04497144c6200e487', 'name': 'Succeeded', 'color': 'purple', 'uses': 0}, {'id': '660a22a0bf92ddda4f371c13', 'idBoard': '660a22a04497144c6200e487', 'name': 'Error', 'color': 'red', 'uses': 0}, {'id': '660a22a0bf92ddda4f371c11', 'idBoard': '660a22a04497144c6200e487', 'name': 'In progress', 'color': 'yellow', 'uses': 0}]
2024-04-10 20:42:11,144 UTC DEBUG    test_labels      Status Code: 200
2024-04-10 20:42:11,151 UTC INFO     test_labels      Test Get an specific label from a board
2024-04-10 20:42:11,639 UTC DEBUG    test_labels      Response to get a label Json: {'id': '660a22a0bf92ddda4f371c10', 'idBoard': '660a22a04497144c6200e487', 'name': 'To Do', 'color': 'green', 'uses': 0}
2024-04-10 20:42:11,640 UTC DEBUG    test_labels      Status Code: 200
2024-04-10 20:42:11,649 UTC INFO     test_labels      Test Create a label for a board
2024-04-10 20:42:12,334 UTC DEBUG    test_labels      Response to CREATE a list Json: {'id': '661731e4ed40cbabb8b9154e', 'idBoard': '660a22a04497144c6200e487', 'name': 'Test Create a label', 'color': 'black', 'uses': 0, 'limits': {}}
2024-04-10 20:42:12,334 UTC DEBUG    test_labels      Status Code: 200
2024-04-10 20:42:12,337 UTC INFO     conftest         Test Create a label for a board from conftest
2024-04-10 20:42:12,855 UTC DEBUG    conftest         Response to CREATE a list Json: {'id': '661731e4b39ee27633c765a3', 'idBoard': '660a22a04497144c6200e487', 'name': 'Create a label from confTest', 'color': 'blue', 'uses': 0, 'limits': {}}
2024-04-10 20:42:12,856 UTC DEBUG    conftest         Status Code: 200
2024-04-10 20:42:12,863 UTC INFO     test_labels      Test Update a label from a board
2024-04-10 20:42:13,384 UTC DEBUG    test_labels      Response to UPDATE a labels Json: {'id': '661731e4b39ee27633c765a3', 'idBoard': '660a22a04497144c6200e487', 'name': 'Updated label', 'color': 'blue', 'uses': 0}
2024-04-10 20:42:13,386 UTC DEBUG    test_labels      Status Code: 200
2024-04-10 20:42:13,395 UTC INFO     conftest         Test Create a label for a board from conftest
2024-04-10 20:42:13,977 UTC DEBUG    conftest         Response to CREATE a list Json: {'id': '661731e51beda7d7b8a01fc2', 'idBoard': '660a22a04497144c6200e487', 'name': 'Create a label from confTest', 'color': 'blue', 'uses': 0, 'limits': {}}
2024-04-10 20:42:13,977 UTC DEBUG    conftest         Status Code: 200
2024-04-10 20:42:13,981 UTC INFO     test_labels      Test Delete a label from a board
2024-04-10 20:42:14,581 UTC DEBUG    test_labels      Response to DELETE a labels Json: {'limits': {}}
2024-04-10 20:42:14,581 UTC DEBUG    test_labels      Status Code: 200
2024-04-10 20:42:14,583 UTC DEBUG    test_labels      Teardown class
2024-04-10 20:42:14,583 UTC DEBUG    test_labels      Cleanup labels
2024-04-10 20:42:15,181 UTC DEBUG    test_labels      Deleted label by teardown: 661731e4ed40cbabb8b9154e
2024-04-10 20:42:15,827 UTC DEBUG    test_labels      Deleted label by teardown: 661731e4b39ee27633c765a3
