2024-04-10 21:09:51,585 UTC DEBUG    test_labels      labels: [{'id': '660a22a0bf92ddda4f371c10', 'idBoard': '660a22a04497144c6200e487', 'name': 'To Do', 'color': 'green', 'uses': 0}, {'id': '660a22a0bf92ddda4f371c12', 'idBoard': '660a22a04497144c6200e487', 'name': 'Warning', 'color': 'orange', 'uses': 0}, {'id': '66160a2a3c267a9d6458b22d', 'idBoard': '660a22a04497144c6200e487', 'name': 'Succeeded', 'color': 'purple', 'uses': 0}, {'id': '660a22a0bf92ddda4f371c13', 'idBoard': '660a22a04497144c6200e487', 'name': 'Error', 'color': 'red', 'uses': 0}, {'id': '660a22a0bf92ddda4f371c11', 'idBoard': '660a22a04497144c6200e487', 'name': 'In progress', 'color': 'yellow', 'uses': 0}]
2024-04-10 21:09:51,585 UTC DEBUG    test_labels      labels 660a22a0bf92ddda4f371c10
2024-04-10 21:09:51,589 UTC INFO     test_labels      Test Get labels from a board
2024-04-10 21:09:52,059 UTC DEBUG    test_labels      Json response: [{'id': '660a22a0bf92ddda4f371c10', 'idBoard': '660a22a04497144c6200e487', 'name': 'To Do', 'color': 'green', 'uses': 0}, {'id': '660a22a0bf92ddda4f371c12', 'idBoard': '660a22a04497144c6200e487', 'name': 'Warning', 'color': 'orange', 'uses': 0}, {'id': '66160a2a3c267a9d6458b22d', 'idBoard': '660a22a04497144c6200e487', 'name': 'Succeeded', 'color': 'purple', 'uses': 0}, {'id': '660a22a0bf92ddda4f371c13', 'idBoard': '660a22a04497144c6200e487', 'name': 'Error', 'color': 'red', 'uses': 0}, {'id': '660a22a0bf92ddda4f371c11', 'idBoard': '660a22a04497144c6200e487', 'name': 'In progress', 'color': 'yellow', 'uses': 0}]
2024-04-10 21:09:52,059 UTC DEBUG    test_labels      Status Code: 200
2024-04-10 21:09:52,065 UTC INFO     test_labels      Test Create a label for a board
2024-04-10 21:09:52,869 UTC DEBUG    test_labels      Response to CREATE a list Json: {'id': '66173860d5742275efc7ac86', 'idBoard': '660a22a04497144c6200e487', 'name': 'Test Create a label', 'color': 'black', 'uses': 0, 'limits': {}}
2024-04-10 21:09:52,870 UTC DEBUG    test_labels      Status Code: 200
2024-04-10 21:09:52,873 UTC INFO     conftest         Test Create a label for a board from conftest
2024-04-10 21:09:53,677 UTC DEBUG    conftest         Response to CREATE a list Json: {'id': '6617386172313acfbda3e503', 'idBoard': '660a22a04497144c6200e487', 'name': 'Create a label from confTest', 'color': 'blue', 'uses': 0, 'limits': {}}
2024-04-10 21:09:53,679 UTC DEBUG    conftest         Status Code: 200
2024-04-10 21:09:53,686 UTC INFO     test_labels      Test Update a label from a board
2024-04-10 21:09:54,263 UTC DEBUG    test_labels      Response to UPDATE a labels Json: {'id': '6617386172313acfbda3e503', 'idBoard': '660a22a04497144c6200e487', 'name': 'Updated label', 'color': 'blue', 'uses': 0}
2024-04-10 21:09:54,264 UTC DEBUG    test_labels      Status Code: 200
2024-04-10 21:09:54,278 UTC INFO     conftest         Test Create a label for a board from conftest
2024-04-10 21:09:55,135 UTC DEBUG    conftest         Response to CREATE a list Json: {'id': '66173863e93e435545904fbd', 'idBoard': '660a22a04497144c6200e487', 'name': 'Create a label from confTest', 'color': 'blue', 'uses': 0, 'limits': {}}
2024-04-10 21:09:55,136 UTC DEBUG    conftest         Status Code: 200
2024-04-10 21:09:55,144 UTC INFO     test_labels      Test Delete a label from a board
2024-04-10 21:09:55,820 UTC DEBUG    test_labels      Response to DELETE a labels Json: {'limits': {}}
2024-04-10 21:09:55,823 UTC DEBUG    test_labels      Status Code: 200
2024-04-10 21:09:55,830 UTC DEBUG    test_labels      Teardown class
2024-04-10 21:09:55,830 UTC DEBUG    test_labels      Cleanup labels
2024-04-10 21:09:56,470 UTC DEBUG    test_labels      Deleted label by teardown: 66173860d5742275efc7ac86
2024-04-10 21:09:57,053 UTC DEBUG    test_labels      Deleted label by teardown: 6617386172313acfbda3e503
