2024-04-10 22:26:01,167 UTC DEBUG    test_labels      labels: [{'id': '660a22a0bf92ddda4f371c10', 'idBoard': '660a22a04497144c6200e487', 'name': 'To Do', 'color': 'green', 'uses': 0}, {'id': '660a22a0bf92ddda4f371c12', 'idBoard': '660a22a04497144c6200e487', 'name': 'Warning', 'color': 'orange', 'uses': 0}, {'id': '66160a2a3c267a9d6458b22d', 'idBoard': '660a22a04497144c6200e487', 'name': 'Succeeded', 'color': 'purple', 'uses': 0}, {'id': '660a22a0bf92ddda4f371c13', 'idBoard': '660a22a04497144c6200e487', 'name': 'Error', 'color': 'red', 'uses': 0}, {'id': '660a22a0bf92ddda4f371c11', 'idBoard': '660a22a04497144c6200e487', 'name': 'In progress', 'color': 'yellow', 'uses': 0}]
2024-04-10 22:26:01,168 UTC DEBUG    test_labels      labels 660a22a0bf92ddda4f371c10
2024-04-10 22:26:01,172 UTC INFO     test_labels      Test Get labels from a board
2024-04-10 22:26:01,877 UTC DEBUG    test_labels      Json response: [{'id': '660a22a0bf92ddda4f371c10', 'idBoard': '660a22a04497144c6200e487', 'name': 'To Do', 'color': 'green', 'uses': 0}, {'id': '660a22a0bf92ddda4f371c12', 'idBoard': '660a22a04497144c6200e487', 'name': 'Warning', 'color': 'orange', 'uses': 0}, {'id': '66160a2a3c267a9d6458b22d', 'idBoard': '660a22a04497144c6200e487', 'name': 'Succeeded', 'color': 'purple', 'uses': 0}, {'id': '660a22a0bf92ddda4f371c13', 'idBoard': '660a22a04497144c6200e487', 'name': 'Error', 'color': 'red', 'uses': 0}, {'id': '660a22a0bf92ddda4f371c11', 'idBoard': '660a22a04497144c6200e487', 'name': 'In progress', 'color': 'yellow', 'uses': 0}]
2024-04-10 22:26:01,878 UTC DEBUG    test_labels      Status Code: 200
2024-04-10 22:26:01,891 UTC INFO     test_labels      Test Create a label for a board
2024-04-10 22:26:02,463 UTC DEBUG    test_labels      Response to CREATE a list Json: {'id': '66174a3a34860ea4234d883c', 'idBoard': '660a22a04497144c6200e487', 'name': 'Test Create a label', 'color': 'black', 'uses': 0, 'limits': {}}
2024-04-10 22:26:02,463 UTC DEBUG    test_labels      Status Code: 200
2024-04-10 22:26:02,468 UTC INFO     conftest         Test Create a label for a board from conftest
2024-04-10 22:26:02,978 UTC DEBUG    conftest         Response to CREATE a list Json: {'id': '66174a3a907cec36bb6afabd', 'idBoard': '660a22a04497144c6200e487', 'name': 'Create a label from confTest', 'color': 'blue', 'uses': 0, 'limits': {}}
2024-04-10 22:26:02,981 UTC DEBUG    conftest         Status Code: 200
2024-04-10 22:26:02,989 UTC INFO     test_labels      Test Update a label from a board
2024-04-10 22:26:03,051 UTC INFO     conftest         Test Create a label for a board from conftest
2024-04-10 22:26:03,907 UTC DEBUG    conftest         Response to CREATE a list Json: {'id': '66174a3a907cec36bb6afabd', 'idBoard': '660a22a04497144c6200e487', 'name': 'Create a label from confTest', 'color': 'blue', 'uses': 0, 'limits': {}}
2024-04-10 22:26:03,907 UTC DEBUG    conftest         Status Code: 200
2024-04-10 22:26:03,911 UTC INFO     test_labels      Test Delete a label from a board
2024-04-10 22:26:04,599 UTC DEBUG    test_labels      Response to DELETE a labels Json: {'limits': {}}
2024-04-10 22:26:04,600 UTC DEBUG    test_labels      Status Code: 200
2024-04-10 22:26:04,603 UTC DEBUG    test_labels      Teardown class
2024-04-10 22:26:04,604 UTC DEBUG    test_labels      Cleanup labels
2024-04-10 22:26:05,202 UTC DEBUG    test_labels      Deleted label by teardown: 66174a3a34860ea4234d883c
